
> client@0.0.0 dev
> vite --host 127.0.0.1


  [32m[1mVITE[22m v7.3.0[39m  [2mready in [0m[1m591[22m[2m[0m ms[22m

  [32m➜[39m  [1mLocal[22m:   [36mhttp://127.0.0.1:[1m5173[22m/[39m
[2m17:05:58[22m [36m[1m[vite][22m[39m [32mvite.config.js changed, restarting server...[39m
[2m17:05:58[22m [36m[1m[vite][22m[39m server restarted.
[2m19:32:43[22m [36m[1m[vite][22m[39m [32mvite.config.js changed, restarting server...[39m
[2m19:32:43[22m [36m[1m[vite][22m[39m server restarted.
[2m19:34:07[22m [36m[1m[vite][22m[39m [90m[2m(client)[22m[39m [32mhmr update [39m[2m/src/App.jsx, /src/styles.css, /src/App.css[22m
[2m15:28:29[22m [36m[1m[vite][22m[39m [90m[2m(client)[22m[39m [32mhmr update [39m[2m/src/styles.css, /src/App.css[22m
[2m15:31:50[22m [36m[1m[vite][22m[39m [90m[2m(client)[22m[39m [32mhmr update [39m[2m/src/styles.css, /src/App.css[22m
[2m15:35:33[22m [36m[1m[vite][22m[39m [90m[2m(client)[22m[39m [32mhmr update [39m[2m/src/styles.css, /src/App.css[22m
[2m15:38:28[22m [36m[1m[vite][22m[39m [90m[2m(client)[22m[39m [32mhmr update [39m[2m/src/styles.css, /src/App.css[22m
[2m08:37:14[22m [36m[1m[vite][22m[39m [90m[2m(client)[22m[39m [32mhmr update [39m[2m/src/styles.css, /src/App.css[22m
[2m08:37:28[22m [36m[1m[vite][22m[39m [90m[2m(client)[22m[39m [32mhmr update [39m[2m/src/styles.css, /src/App.css[22m
[2m08:37:41[22m [36m[1m[vite][22m[39m [90m[2m(client)[22m[39m [32mhmr update [39m[2m/src/styles.css, /src/App.css[22m
[2m08:37:53[22m [36m[1m[vite][22m[39m [90m[2m(client)[22m[39m [32mhmr update [39m[2m/src/styles.css, /src/App.css[22m
[2m08:38:55[22m [36m[1m[vite][22m[39m [90m[2m(client)[22m[39m [32mhmr update [39m[2m/src/styles.css, /src/App.css[22m
[2m08:40:40[22m [36m[1m[vite][22m[39m [90m[2m(client)[22m[39m [32mhmr update [39m[2m/src/styles.css, /src/App.css[22m
[2m08:42:58[22m [36m[1m[vite][22m[39m [90m[2m(client)[22m[39m [32mhmr update [39m[2m/src/styles.css, /src/App.css[22m
[2m08:43:04[22m [36m[1m[vite][22m[39m [90m[2m(client)[22m[39m [32mhmr update [39m[2m/src/styles.css, /src/App.css[22m
[2m08:43:16[22m [36m[1m[vite][22m[39m [90m[2m(client)[22m[39m [32mhmr update [39m[2m/src/styles.css, /src/App.css[22m
[2m08:44:16[22m [36m[1m[vite][22m[39m [90m[2m(client)[22m[39m [32mhmr update [39m[2m/src/styles.css, /src/App.css[22m
[2m20:54:35[22m [36m[1m[vite][22m[39m [90m[2m(client)[22m[39m [32mhmr update [39m[2m/src/styles.css, /src/App.css, /src/components/developer-workspace/widgets/StatusQueueWidget.jsx[22m
[2m20:54:41[22m [36m[1m[vite][22m[39m [90m[2m(client)[22m[39m [32mhmr update [39m[2m/src/components/DeveloperCenterTab.css[22m
[2m21:06:13[22m [36m[1m[vite][22m[39m [90m[2m(client)[22m[39m [32mhmr update [39m[2m/src/styles.css, /src/App.css, /src/components/developer-workspace/ExpandedWorkspaceDialog.jsx, /src/components/developer-workspace/DeveloperWorkspaceGrid.jsx[22m
[2m21:06:38[22m [36m[1m[vite][22m[39m [90m[2m(client)[22m[39m [32mhmr update [39m[2m/src/styles.css, /src/App.css, /src/components/developer-workspace/DeveloperCenterTab.jsx, /src/components/developer-workspace/DeveloperWorkspace.jsx, /src/components/developer-workspace/ExpandedWorkspaceDialog.jsx, /src/components/developer-workspace/widgets/NextActionsWidget.jsx, /src/components/developer-workspace/widgets/RiskWidget.jsx, /src/components/developer-workspace/widgets/DailyWidget.jsx, /src/components/developer-workspace/DeveloperWorkspaceGrid.jsx, /src/components/developer-workspace/components/StickyNoteCard.jsx, /src/components/developer-workspace/widgets/RecentWidget.jsx, /src/components/developer-workspace/widgets/StatusQueueWidget.jsx, /src/components/developer-workspace/widgets/QueueWidget.jsx, /src/components/developer-workspace/widgets/NotesWidget.jsx, /src/components/developer-workspace/widgets/QuickActionsWidget.jsx, /src/components/developer-workspace/widgets/CalendarWidget.jsx, /src/components/developer-workspace/widgets/RhythmWidget.jsx, /src/components/developer-workspace/DeveloperWorkspaceHeader.jsx, /src/components/developer-workspace/DeveloperWorkspaceFilters.jsx[22m
[2m21:06:41[22m [36m[1m[vite][22m[39m [90m[2m(client)[22m[39m [32mhmr update [39m[2m/src/styles.css, /src/App.css, /src/components/developer-workspace/DeveloperCenterTab.jsx[22m
[2m21:06:46[22m [36m[1m[vite][22m[39m [90m[2m(client)[22m[39m [32mhmr update [39m[2m/src/styles.css, /src/App.css, /src/components/developer-workspace/DeveloperWorkspace.jsx[22m
[2m21:06:54[22m [36m[1m[vite][22m[39m [90m[2m(client)[22m[39m [32mhmr update [39m[2m/src/styles.css, /src/App.css, /src/components/developer-workspace/DeveloperWorkspaceGrid.jsx[22m
[2m21:07:16[22m [36m[1m[vite][22m[39m [90m[2m(client)[22m[39m [32mhmr update [39m[2m/src/components/DeveloperCenterTab.css[22m
[2m21:07:25[22m [36m[1m[vite][22m[39m [90m[2m(client)[22m[39m [32mhmr update [39m[2m/src/components/DeveloperCenterTab.css[22m
[2m21:07:38[22m [36m[1m[vite][22m[39m [90m[2m(client)[22m[39m [32mhmr update [39m[2m/src/App.css, /src/styles.css, /src/components/developer-workspace/widgets/RhythmWidget.jsx[22m
[2m21:08:39[22m [36m[1m[vite][22m[39m [90m[2m(client)[22m[39m [32mhmr update [39m[2m/src/styles.css, /src/App.css, /src/components/developer-workspace/DeveloperCenterTab.jsx, /src/components/developer-workspace/DeveloperWorkspace.jsx, /src/components/developer-workspace/ExpandedWorkspaceDialog.jsx, /src/components/developer-workspace/widgets/NextActionsWidget.jsx, /src/components/developer-workspace/widgets/RiskWidget.jsx, /src/components/developer-workspace/widgets/DailyWidget.jsx, /src/components/developer-workspace/DeveloperWorkspaceGrid.jsx, /src/components/developer-workspace/components/StickyNoteCard.jsx, /src/components/developer-workspace/widgets/RecentWidget.jsx, /src/components/developer-workspace/widgets/StatusQueueWidget.jsx, /src/components/developer-workspace/widgets/QueueWidget.jsx, /src/components/developer-workspace/widgets/NotesWidget.jsx, /src/components/developer-workspace/widgets/QuickActionsWidget.jsx, /src/components/developer-workspace/widgets/CalendarWidget.jsx, /src/components/developer-workspace/widgets/RhythmWidget.jsx[22m
[2m21:08:50[22m [36m[1m[vite][22m[39m [90m[2m(client)[22m[39m [32mhmr update [39m[2m/src/styles.css, /src/App.css, /src/components/developer-workspace/DeveloperCenterTab.jsx, /src/components/developer-workspace/DeveloperWorkspace.jsx, /src/components/developer-workspace/ExpandedWorkspaceDialog.jsx, /src/components/developer-workspace/widgets/NextActionsWidget.jsx, /src/components/developer-workspace/widgets/RiskWidget.jsx, /src/components/developer-workspace/widgets/DailyWidget.jsx, /src/components/developer-workspace/DeveloperWorkspaceGrid.jsx, /src/components/developer-workspace/components/StickyNoteCard.jsx, /src/components/developer-workspace/widgets/RecentWidget.jsx, /src/components/developer-workspace/widgets/StatusQueueWidget.jsx, /src/components/developer-workspace/widgets/QueueWidget.jsx, /src/components/developer-workspace/widgets/NotesWidget.jsx, /src/components/developer-workspace/widgets/QuickActionsWidget.jsx, /src/components/developer-workspace/widgets/CalendarWidget.jsx, /src/components/developer-workspace/widgets/RhythmWidget.jsx[22m
[2m21:09:23[22m [36m[1m[vite][22m[39m [90m[2m(client)[22m[39m [32mhmr update [39m[2m/src/styles.css, /src/App.css, /src/components/developer-workspace/DeveloperCenterTab.jsx, /src/components/developer-workspace/DeveloperWorkspace.jsx, /src/components/developer-workspace/ExpandedWorkspaceDialog.jsx, /src/components/developer-workspace/widgets/NextActionsWidget.jsx, /src/components/developer-workspace/widgets/RiskWidget.jsx, /src/components/developer-workspace/widgets/DailyWidget.jsx, /src/components/developer-workspace/DeveloperWorkspaceGrid.jsx, /src/components/developer-workspace/components/StickyNoteCard.jsx, /src/components/developer-workspace/widgets/RecentWidget.jsx, /src/components/developer-workspace/widgets/StatusQueueWidget.jsx, /src/components/developer-workspace/widgets/QueueWidget.jsx, /src/components/developer-workspace/widgets/NotesWidget.jsx, /src/components/developer-workspace/widgets/QuickActionsWidget.jsx, /src/components/developer-workspace/widgets/CalendarWidget.jsx, /src/components/developer-workspace/widgets/RhythmWidget.jsx, /src/components/developer-workspace/DeveloperWorkspaceHeader.jsx, /src/components/developer-workspace/DeveloperWorkspaceFilters.jsx[22m
[2m21:12:31[22m [36m[1m[vite][22m[39m [90m[2m(client)[22m[39m [32mhmr update [39m[2m/src/styles.css, /src/App.css, /src/components/developer-workspace/DeveloperWorkspaceHeader.jsx[22m
[2m21:21:28[22m [36m[1m[vite][22m[39m [90m[2m(client)[22m[39m [32mhmr update [39m[2m/src/components/DeveloperCenterTab.css[22m
[2m21:27:58[22m [36m[1m[vite][22m[39m [90m[2m(client)[22m[39m [32mhmr update [39m[2m/src/App.jsx, /src/styles.css, /src/App.css, /src/App.jsx?:225:5, /src/App.jsx?:1430:41, /src/App.jsx?:385:21[22m
[2m21:28:11[22m [36m[1m[vite][22m[39m [90m[2m(client)[22m[39m [32mhmr update [39m[2m/src/App.jsx, /src/styles.css, /src/App.css, /src/App.jsx?:225:5, /src/App.jsx?:1430:41, /src/App.jsx?:385:21[22m
[2m21:29:20[22m [36m[1m[vite][22m[39m [90m[2m(client)[22m[39m [32mhmr update [39m[2m/src/App.jsx, /src/styles.css, /src/App.css, /src/App.jsx?:225:5, /src/App.jsx?:1430:41, /src/App.jsx?:385:21[22m
[2m21:29:50[22m [36m[1m[vite][22m[39m [90m[2m(client)[22m[39m [32mhmr update [39m[2m/src/App.jsx, /src/styles.css, /src/App.css, /src/App.jsx?:225:5, /src/App.jsx?:1430:41, /src/App.jsx?:385:21[22m
[2m21:29:54[22m [36m[1m[vite][22m[39m [90m[2m(client)[22m[39m [32mhmr update [39m[2m/src/App.jsx, /src/styles.css, /src/App.css, /src/App.jsx?:225:5, /src/App.jsx?:1430:41, /src/App.jsx?:385:21[22m
[2m21:30:08[22m [36m[1m[vite][22m[39m [90m[2m(client)[22m[39m [32mhmr update [39m[2m/src/styles.css, /src/App.css, /src/components/developer-workspace/DeveloperCenterTab.jsx[22m
[2m21:30:33[22m [36m[1m[vite][22m[39m [90m[2m(client)[22m[39m [32mhmr update [39m[2m/src/module-primitives.css[22m
[2m21:31:05[22m [36m[1m[vite][22m[39m [90m[2m(client)[22m[39m [32mhmr update [39m[2m/src/styles.css, /src/App.css, /src/components/developer-workspace/DeveloperCenterTab.jsx, /src/components/developer-workspace/DeveloperWorkspace.jsx, /src/components/developer-workspace/ExpandedWorkspaceDialog.jsx, /src/components/developer-workspace/widgets/NextActionsWidget.jsx, /src/components/developer-workspace/widgets/RiskWidget.jsx, /src/components/developer-workspace/widgets/DailyWidget.jsx, /src/components/developer-workspace/DeveloperWorkspaceGrid.jsx, /src/components/developer-workspace/components/StickyNoteCard.jsx, /src/components/developer-workspace/widgets/RecentWidget.jsx, /src/components/developer-workspace/widgets/StatusQueueWidget.jsx, /src/components/developer-workspace/widgets/QueueWidget.jsx, /src/components/developer-workspace/widgets/NotesWidget.jsx, /src/components/developer-workspace/widgets/QuickActionsWidget.jsx, /src/components/developer-workspace/widgets/CalendarWidget.jsx, /src/components/developer-workspace/widgets/RhythmWidget.jsx, /src/components/developer-workspace/DeveloperWorkspaceHeader.jsx, /src/components/developer-workspace/DeveloperWorkspaceFilters.jsx[22m
[2m21:31:23[22m [36m[1m[vite][22m[39m [90m[2m(client)[22m[39m [32mhmr update [39m[2m/src/styles.css, /src/App.css, /src/components/developer-workspace/DeveloperWorkspace.jsx[22m
[2m21:31:52[22m [36m[1m[vite][22m[39m [90m[2m(client)[22m[39m [32mhmr update [39m[2m/src/theme-overrides.css[22m
[2m21:32:04[22m [36m[1m[vite][22m[39m [90m[2m(client)[22m[39m [32mhmr update [39m[2m/src/theme-overrides.css[22m
[2m21:32:09[22m [36m[1m[vite][22m[39m [90m[2m(client)[22m[39m [32mhmr update [39m[2m/src/theme-overrides.css[22m
[2m21:32:25[22m [36m[1m[vite][22m[39m [90m[2m(client)[22m[39m [32mhmr update [39m[2m/src/components/DeveloperCenterTab.css[22m
[2m21:32:39[22m [36m[1m[vite][22m[39m [90m[2m(client)[22m[39m [32mhmr update [39m[2m/src/components/DeveloperCenterTab.css[22m
[2m21:32:44[22m [36m[1m[vite][22m[39m [90m[2m(client)[22m[39m [32mhmr update [39m[2m/src/components/DeveloperCenterTab.css[22m
[2m21:32:51[22m [36m[1m[vite][22m[39m [90m[2m(client)[22m[39m [32mhmr update [39m[2m/src/components/DeveloperCenterTab.css[22m
[2m21:33:52[22m [36m[1m[vite][22m[39m [90m[2m(client)[22m[39m [32mhmr update [39m[2m/src/App.jsx, /src/styles.css, /src/App.css, /src/App.jsx?:225:5, /src/App.jsx?:1430:41, /src/App.jsx?:385:21[22m
[2m21:33:56[22m [36m[1m[vite][22m[39m [90m[2m(client)[22m[39m [32mhmr update [39m[2m/src/styles.css, /src/App.css, /src/components/developer-workspace/DeveloperWorkspace.jsx[22m
[2m21:45:00[22m [36m[1m[vite][22m[39m [90m[2m(client)[22m[39m [32mhmr update [39m[2m/src/App.jsx, /src/styles.css, /src/App.css, /src/App.jsx?:225:5, /src/App.jsx?:1430:41, /src/App.jsx?:385:21[22m
[2m21:45:22[22m [36m[1m[vite][22m[39m [90m[2m(client)[22m[39m [32mhmr update [39m[2m/src/theme-overrides.css[22m
[2m12:59:48[22m [36m[1m[vite][22m[39m [90m[2m(client)[22m[39m [32mhmr update [39m[2m/src/styles.css, /src/App.css, /src/components/developer-workspace/ExpandedWorkspaceDialog.jsx, /src/components/developer-workspace/DeveloperWorkspaceGrid.jsx[22m
[2m13:00:00[22m [36m[1m[vite][22m[39m [90m[2m(client)[22m[39m [32mhmr update [39m[2m/src/styles.css, /src/App.css, /src/components/developer-workspace/DeveloperWorkspaceGrid.jsx[22m
[2m13:00:30[22m [36m[1m[vite][22m[39m [90m[2m(client)[22m[39m [32mhmr update [39m[2m/src/styles.css, /src/App.css, /src/components/developer-workspace/DeveloperWorkspace.jsx[22m
[2m13:00:36[22m [36m[1m[vite][22m[39m [90m[2m(client)[22m[39m [32mhmr update [39m[2m/src/styles.css, /src/App.css, /src/components/developer-workspace/DeveloperWorkspace.jsx[22m
[2m13:01:16[22m [36m[1m[vite][22m[39m [90m[2m(client)[22m[39m [32mhmr update [39m[2m/src/styles.css, /src/App.css, /src/components/developer-workspace/DeveloperCenterTab.jsx, /src/components/developer-workspace/DeveloperWorkspace.jsx, /src/components/developer-workspace/ExpandedWorkspaceDialog.jsx, /src/components/developer-workspace/widgets/NextActionsWidget.jsx, /src/components/developer-workspace/widgets/RiskWidget.jsx, /src/components/developer-workspace/widgets/DailyWidget.jsx, /src/components/developer-workspace/DeveloperWorkspaceGrid.jsx, /src/components/developer-workspace/components/StickyNoteCard.jsx, /src/components/developer-workspace/widgets/RecentWidget.jsx, /src/components/developer-workspace/widgets/StatusQueueWidget.jsx, /src/components/developer-workspace/widgets/QueueWidget.jsx, /src/components/developer-workspace/widgets/NotesWidget.jsx, /src/components/developer-workspace/widgets/QuickActionsWidget.jsx, /src/components/developer-workspace/widgets/CalendarWidget.jsx, /src/components/developer-workspace/widgets/RhythmWidget.jsx, /src/components/developer-workspace/DeveloperWorkspaceHeader.jsx, /src/components/developer-workspace/DeveloperWorkspaceFilters.jsx[22m
[2m13:01:36[22m [36m[1m[vite][22m[39m [90m[2m(client)[22m[39m [32mhmr update [39m[2m/src/components/DeveloperCenterTab.css[22m
[2m13:01:51[22m [36m[1m[vite][22m[39m [90m[2m(client)[22m[39m [32mhmr update [39m[2m/src/styles.css, /src/App.css[22m
[2m13:01:56[22m [36m[1m[vite][22m[39m [90m[2m(client)[22m[39m [32mhmr update [39m[2m/src/styles.css, /src/App.css[22m
[2m13:02:02[22m [36m[1m[vite][22m[39m [90m[2m(client)[22m[39m [32mhmr update [39m[2m/src/styles.css, /src/App.css, /src/components/developer-workspace/DeveloperWorkspace.jsx[22m
[2m13:27:02[22m [36m[1m[vite][22m[39m [90m[2m(client)[22m[39m [32mhmr update [39m[2m/src/styles.css, /src/App.css[22m
[2m13:27:10[22m [36m[1m[vite][22m[39m [90m[2m(client)[22m[39m [32mhmr update [39m[2m/src/styles.css, /src/App.css[22m
[2m13:34:44[22m [36m[1m[vite][22m[39m [90m[2m(client)[22m[39m [32mhmr update [39m[2m/src/styles.css, /src/App.css, /src/components/AMDashboardTab.jsx[22m
[2m13:35:09[22m [36m[1m[vite][22m[39m [90m[2m(client)[22m[39m [32mhmr update [39m[2m/src/styles.css, /src/App.css[22m
[2m13:44:54[22m [36m[1m[vite][22m[39m [90m[2m(client)[22m[39m [32mhmr update [39m[2m/src/styles.css, /src/App.css, /src/components/AMDashboardTab.jsx[22m
[2m13:45:07[22m [36m[1m[vite][22m[39m [90m[2m(client)[22m[39m [32mhmr update [39m[2m/src/styles.css, /src/App.css[22m
[2m13:48:16[22m [36m[1m[vite][22m[39m [90m[2m(client)[22m[39m [32mhmr update [39m[2m/src/styles.css, /src/App.css[22m
[2m13:50:22[22m [36m[1m[vite][22m[39m [90m[2m(client)[22m[39m [32mhmr update [39m[2m/src/styles.css, /src/App.css[22m
[2m13:53:52[22m [36m[1m[vite][22m[39m [90m[2m(client)[22m[39m [32mhmr update [39m[2m/src/styles.css, /src/App.css[22m
[2m13:59:44[22m [36m[1m[vite][22m[39m [90m[2m(client)[22m[39m [32mhmr update [39m[2m/src/styles.css, /src/App.css[22m
[2m14:10:02[22m [36m[1m[vite][22m[39m [90m[2m(client)[22m[39m [32mhmr update [39m[2m/src/styles.css, /src/App.css[22m
[2m12:29:27[22m [36m[1m[vite][22m[39m [90m[2m(client)[22m[39m [32mhmr update [39m[2m/src/styles.css, /src/App.css[22m
[2m12:29:27[22m [36m[1m[vite][22m[39m [90m[2m(client)[22m[39m [32mhmr update [39m[2m/src/styles.css, /src/App.css[22m
